<?xml version="1.0" encoding="UTF-8"?>
<testng-results skipped="1" failed="1" total="6" passed="4">
  <reporter-output>
  </reporter-output>
  <suite name="Default suite" duration-ms="67922" started-at="2016-12-16T12:04:39Z" finished-at="2016-12-16T12:05:47Z">
    <groups>
    </groups>
    <test name="Default test" duration-ms="67922" started-at="2016-12-16T12:04:39Z" finished-at="2016-12-16T12:05:47Z">
      <class name="HW4.tests.CRUDUserTests">
        <test-method status="PASS" signature="beforeTest()[pri:0, instance:HW4.tests.CRUDUserTests@28d25987]" name="beforeTest" is-config="true" duration-ms="18074" started-at="2016-12-16T14:04:21Z" finished-at="2016-12-16T14:04:39Z">
          <reporter-output>
          </reporter-output>
        </test-method> <!-- beforeTest -->
        <test-method status="PASS" signature="beforeMethod()[pri:0, instance:HW4.tests.CRUDUserTests@28d25987]" name="beforeMethod" is-config="true" duration-ms="1415" started-at="2016-12-16T14:04:39Z" finished-at="2016-12-16T14:04:40Z">
          <reporter-output>
          </reporter-output>
        </test-method> <!-- beforeMethod -->
        <test-method status="PASS" signature="positiveInsertTest()[pri:0, instance:HW4.tests.CRUDUserTests@28d25987]" name="positiveInsertTest" duration-ms="12043" started-at="2016-12-16T14:04:40Z" finished-at="2016-12-16T14:04:52Z">
          <reporter-output>
          </reporter-output>
        </test-method> <!-- positiveInsertTest -->
        <test-method status="PASS" signature="beforeMethod()[pri:0, instance:HW4.tests.CRUDUserTests@28d25987]" name="beforeMethod" is-config="true" duration-ms="1922" started-at="2016-12-16T14:04:52Z" finished-at="2016-12-16T14:04:54Z">
          <reporter-output>
          </reporter-output>
        </test-method> <!-- beforeMethod -->
        <test-method status="PASS" signature="negativeInsertTest()[pri:0, instance:HW4.tests.CRUDUserTests@28d25987]" name="negativeInsertTest" duration-ms="6364" started-at="2016-12-16T14:04:54Z" depends-on-methods="HW4.tests.CRUDUserTests.positiveInsertTest" finished-at="2016-12-16T14:05:00Z">
          <reporter-output>
          </reporter-output>
        </test-method> <!-- negativeInsertTest -->
        <test-method status="PASS" signature="beforeMethod()[pri:0, instance:HW4.tests.CRUDUserTests@28d25987]" name="beforeMethod" is-config="true" duration-ms="1378" started-at="2016-12-16T14:05:00Z" finished-at="2016-12-16T14:05:02Z">
          <reporter-output>
          </reporter-output>
        </test-method> <!-- beforeMethod -->
        <test-method status="PASS" signature="positiveUpdateTest()[pri:0, instance:HW4.tests.CRUDUserTests@28d25987]" name="positiveUpdateTest" duration-ms="12582" started-at="2016-12-16T14:05:02Z" depends-on-methods="HW4.tests.CRUDUserTests.negativeInsertTest" finished-at="2016-12-16T14:05:14Z">
          <reporter-output>
          </reporter-output>
        </test-method> <!-- positiveUpdateTest -->
        <test-method status="PASS" signature="beforeMethod()[pri:0, instance:HW4.tests.CRUDUserTests@28d25987]" name="beforeMethod" is-config="true" duration-ms="1619" started-at="2016-12-16T14:05:14Z" finished-at="2016-12-16T14:05:16Z">
          <reporter-output>
          </reporter-output>
        </test-method> <!-- beforeMethod -->
        <test-method status="PASS" signature="positiveDeleteTest()[pri:0, instance:HW4.tests.CRUDUserTests@28d25987]" name="positiveDeleteTest" duration-ms="17698" started-at="2016-12-16T14:05:16Z" depends-on-methods="HW4.tests.CRUDUserTests.positiveUpdateTest" finished-at="2016-12-16T14:05:34Z">
          <reporter-output>
          </reporter-output>
        </test-method> <!-- positiveDeleteTest -->
        <test-method status="PASS" signature="beforeMethod()[pri:0, instance:HW4.tests.CRUDUserTests@28d25987]" name="beforeMethod" is-config="true" duration-ms="903" started-at="2016-12-16T14:05:34Z" finished-at="2016-12-16T14:05:35Z">
          <reporter-output>
          </reporter-output>
        </test-method> <!-- beforeMethod -->
        <test-method status="FAIL" signature="positiveReadTestAfterEditing()[pri:0, instance:HW4.tests.CRUDUserTests@28d25987]" name="positiveReadTestAfterEditing" duration-ms="11946" started-at="2016-12-16T14:05:35Z" depends-on-methods="HW4.tests.CRUDUserTests.positiveDeleteTest" finished-at="2016-12-16T14:05:46Z">
          <exception class="org.openqa.selenium.NoSuchElementException">
            <message>
              <![CDATA[Unable to locate element: {"method":"xpath","selector":".//tr[.//a[text()= 'zYFyWGfaWf'] ] //img[@title='Edit']"}
Command duration or timeout: 10.08 seconds
For documentation on this error, please visit: http://seleniumhq.org/exceptions/no_such_element.html
Build info: version: '2.53.1', revision: 'a36b8b1cd5757287168e54b817830adce9b0158d', time: '2016-06-30 19:26:09'
System info: host: 'DESKTOP-TR5ELL5', ip: '192.168.0.101', os.name: 'Windows 10', os.arch: 'amd64', os.version: '10.0', java.version: '1.8.0_111'
Driver info: org.openqa.selenium.firefox.FirefoxDriver
Capabilities [{applicationCacheEnabled=true, rotatable=false, handlesAlerts=true, databaseEnabled=true, version=46.0.1, platform=WINDOWS, nativeEvents=false, acceptSslCerts=true, webStorageEnabled=true, locationContextEnabled=true, browserName=firefox, takesScreenshot=true, javascriptEnabled=true, cssSelectorsEnabled=true}]
Session ID: b1a9defc-5595-4057-862e-b4666ccd46cd
*** Element info: {Using=xpath, value=.//tr[.//a[text()= 'zYFyWGfaWf'] ] //img[@title='Edit']}]]>
            </message>
            <full-stacktrace>
              <![CDATA[org.openqa.selenium.NoSuchElementException: Unable to locate element: {"method":"xpath","selector":".//tr[.//a[text()= 'zYFyWGfaWf'] ] //img[@title='Edit']"}
Command duration or timeout: 10.08 seconds
For documentation on this error, please visit: http://seleniumhq.org/exceptions/no_such_element.html
Build info: version: '2.53.1', revision: 'a36b8b1cd5757287168e54b817830adce9b0158d', time: '2016-06-30 19:26:09'
System info: host: 'DESKTOP-TR5ELL5', ip: '192.168.0.101', os.name: 'Windows 10', os.arch: 'amd64', os.version: '10.0', java.version: '1.8.0_111'
Driver info: org.openqa.selenium.firefox.FirefoxDriver
Capabilities [{applicationCacheEnabled=true, rotatable=false, handlesAlerts=true, databaseEnabled=true, version=46.0.1, platform=WINDOWS, nativeEvents=false, acceptSslCerts=true, webStorageEnabled=true, locationContextEnabled=true, browserName=firefox, takesScreenshot=true, javascriptEnabled=true, cssSelectorsEnabled=true}]
Session ID: b1a9defc-5595-4057-862e-b4666ccd46cd
*** Element info: {Using=xpath, value=.//tr[.//a[text()= 'zYFyWGfaWf'] ] //img[@title='Edit']}
	at sun.reflect.NativeConstructorAccessorImpl.newInstance0(Native Method)
	at sun.reflect.NativeConstructorAccessorImpl.newInstance(NativeConstructorAccessorImpl.java:62)
	at sun.reflect.DelegatingConstructorAccessorImpl.newInstance(DelegatingConstructorAccessorImpl.java:45)
	at java.lang.reflect.Constructor.newInstance(Constructor.java:423)
	at org.openqa.selenium.remote.ErrorHandler.createThrowable(ErrorHandler.java:206)
	at org.openqa.selenium.remote.ErrorHandler.throwIfResponseFailed(ErrorHandler.java:158)
	at org.openqa.selenium.remote.RemoteWebDriver.execute(RemoteWebDriver.java:678)
	at org.openqa.selenium.remote.RemoteWebDriver.findElement(RemoteWebDriver.java:363)
	at org.openqa.selenium.remote.RemoteWebDriver.findElementByXPath(RemoteWebDriver.java:500)
	at org.openqa.selenium.By$ByXPath.findElement(By.java:361)
	at org.openqa.selenium.remote.RemoteWebDriver.findElement(RemoteWebDriver.java:355)
	at HW4.pages.PlayersPage.searchUserClickEdit(PlayersPage.java:83)
	at HW4.tests.CRUDUserTests.positiveReadTestAfterEditing(CRUDUserTests.java:171)
	at sun.reflect.NativeMethodAccessorImpl.invoke0(Native Method)
	at sun.reflect.NativeMethodAccessorImpl.invoke(NativeMethodAccessorImpl.java:62)
	at sun.reflect.DelegatingMethodAccessorImpl.invoke(DelegatingMethodAccessorImpl.java:43)
	at java.lang.reflect.Method.invoke(Method.java:498)
	at org.testng.internal.MethodInvocationHelper.invokeMethod(MethodInvocationHelper.java:80)
	at org.testng.internal.Invoker.invokeMethod(Invoker.java:714)
	at org.testng.internal.Invoker.invokeTestMethod(Invoker.java:901)
	at org.testng.internal.Invoker.invokeTestMethods(Invoker.java:1231)
	at org.testng.internal.TestMethodWorker.invokeTestMethods(TestMethodWorker.java:127)
	at org.testng.internal.TestMethodWorker.run(TestMethodWorker.java:111)
	at org.testng.TestRunner.privateRun(TestRunner.java:767)
	at org.testng.TestRunner.run(TestRunner.java:617)
	at org.testng.SuiteRunner.runTest(SuiteRunner.java:334)
	at org.testng.SuiteRunner.runSequentially(SuiteRunner.java:329)
	at org.testng.SuiteRunner.privateRun(SuiteRunner.java:291)
	at org.testng.SuiteRunner.run(SuiteRunner.java:240)
	at org.testng.SuiteRunnerWorker.runSuite(SuiteRunnerWorker.java:52)
	at org.testng.SuiteRunnerWorker.run(SuiteRunnerWorker.java:86)
	at org.testng.TestNG.runSuitesSequentially(TestNG.java:1198)
	at org.testng.TestNG.runSuitesLocally(TestNG.java:1123)
	at org.testng.TestNG.run(TestNG.java:1031)
	at org.testng.remote.AbstractRemoteTestNG.run(AbstractRemoteTestNG.java:132)
	at org.testng.remote.RemoteTestNG.initAndRun(RemoteTestNG.java:236)
	at org.testng.remote.RemoteTestNG.main(RemoteTestNG.java:81)
Caused by: org.openqa.selenium.NoSuchElementException: Unable to locate element: {"method":"xpath","selector":".//tr[.//a[text()= 'zYFyWGfaWf'] ] //img[@title='Edit']"}
For documentation on this error, please visit: http://seleniumhq.org/exceptions/no_such_element.html
Build info: version: '2.53.1', revision: 'a36b8b1cd5757287168e54b817830adce9b0158d', time: '2016-06-30 19:26:09'
System info: host: 'DESKTOP-TR5ELL5', ip: '192.168.0.101', os.name: 'Windows 10', os.arch: 'amd64', os.version: '10.0', java.version: '1.8.0_111'
Driver info: driver.version: unknown
	at <anonymous class>.FirefoxDriver.prototype.findElementInternal_(file:///C:/Users/Nikitos/AppData/Local/Temp/anonymous8013243565692601515webdriver-profile/extensions/fxdriver@googlecode.com/components/driver-component.js:10770)
	at <anonymous class>.fxdriver.Timer.prototype.setTimeout/<.notify(file:///C:/Users/Nikitos/AppData/Local/Temp/anonymous8013243565692601515webdriver-profile/extensions/fxdriver@googlecode.com/components/driver-component.js:625)
]]>
            </full-stacktrace>
          </exception> <!-- org.openqa.selenium.NoSuchElementException -->
          <reporter-output>
          </reporter-output>
        </test-method> <!-- positiveReadTestAfterEditing -->
        <test-method status="SKIP" signature="positiveReadTestAfterCreation()[pri:0, instance:HW4.tests.CRUDUserTests@28d25987]" name="positiveReadTestAfterCreation" duration-ms="0" started-at="2016-12-16T14:05:47Z" depends-on-methods="HW4.tests.CRUDUserTests.positiveReadTestAfterEditing" finished-at="2016-12-16T14:05:47Z">
          <reporter-output>
          </reporter-output>
        </test-method> <!-- positiveReadTestAfterCreation -->
        <test-method status="PASS" signature="afterTest()[pri:0, instance:HW4.tests.CRUDUserTests@28d25987]" name="afterTest" is-config="true" duration-ms="815" started-at="2016-12-16T14:05:47Z" finished-at="2016-12-16T14:05:47Z">
          <reporter-output>
          </reporter-output>
        </test-method> <!-- afterTest -->
      </class> <!-- HW4.tests.CRUDUserTests -->
    </test> <!-- Default test -->
  </suite> <!-- Default suite -->
</testng-results>
