<?xml version="1.0" encoding="UTF-8"?>
<!-- Generated by org.testng.reporters.JUnitXMLReporter -->
<testsuite hostname="DESKTOP-TR5ELL5" name="CRUD User Tests" tests="6" failures="1" timestamp="16 Dec 2016 11:52:04 GMT" time="35.632" errors="0">
  <testcase name="positiveInsertTest" time="8.753" classname="HW4.tests.CRUDUserTests"/>
  <testcase name="negativeInsertTest" time="5.448" classname="HW4.tests.CRUDUserTests"/>
  <testcase name="positiveUpdateTest" time="10.316" classname="HW4.tests.CRUDUserTests"/>
  <testcase name="positiveReadTestAfterEditing" time="4.993" classname="HW4.tests.CRUDUserTests">
    <failure type="java.lang.AssertionError" message="Wrong first name. expected [eNgDQhbAQX] but found [lpkQOwuhhm]">
      <![CDATA[java.lang.AssertionError: Wrong first name. expected [eNgDQhbAQX] but found [lpkQOwuhhm]
	at HW4.tests.CRUDUserTests.positiveReadTestAfterEditing(CRUDUserTests.java:170)
... Removed 28 stack frames]]>
    </failure>
  </testcase> <!-- positiveReadTestAfterEditing -->
  <testcase name="positiveDeleteTest" time="0.0" classname="HW4.tests.CRUDUserTests">
    <skipped/>
  </testcase> <!-- positiveDeleteTest -->
  <testcase name="positiveReadTestAfterCreation" time="0.0" classname="HW4.tests.CRUDUserTests">
    <skipped/>
  </testcase> <!-- positiveReadTestAfterCreation -->
</testsuite> <!-- CRUD User Tests -->
