<?xml version="1.0" encoding="UTF-8"?>
<!-- Generated by org.testng.reporters.JUnitXMLReporter -->
<testsuite hostname="DESKTOP-TR5ELL5" name="Search User Tests" tests="4" failures="1" timestamp="16 Dec 2016 09:59:35 GMT" time="8.16" errors="0">
  <testcase name="positiveSearchByLastNameTest" time="3.087" classname="HW4.tests.SearchTest"/>
  <testcase name="positiveSearchByFirstNameTest" time="1.919" classname="HW4.tests.SearchTest">
    <failure type="java.lang.AssertionError" message="The following asserts failed:
Wrong title after unsuccessful search by first name">
      <![CDATA[java.lang.AssertionError: The following asserts failed:
Wrong title after unsuccessful search by first name
	at HW4.tests.SearchTest.positiveSearchByFirstNameTest(SearchTest.java:99)
... Removed 25 stack frames]]>
    </failure>
  </testcase> <!-- positiveSearchByFirstNameTest -->
  <testcase name="positiveSearchByEmailTest" time="0.0" classname="HW4.tests.SearchTest">
    <skipped/>
  </testcase> <!-- positiveSearchByEmailTest -->
  <testcase name="positiveSearchByUsernameTest" time="0.0" classname="HW4.tests.SearchTest">
    <skipped/>
  </testcase> <!-- positiveSearchByUsernameTest -->
</testsuite> <!-- Search User Tests -->
